2023-12-27	 11:46:55	2352b2f8-4617-4d87-bce9-1ea412b3fb7e	GET	/	undefined	
2023-12-27	 11:46:55	0f92db5b-7feb-4e0f-8ac1-e44821947f53	GET	/css/style.css	undefined	
2023-12-27	 11:46:55	439412c1-3e29-4325-aa76-b2364523f831	GET	/favicon.ico	undefined	
2023-12-27	 12:04:38	f1eeb81e-007c-43c3-8089-ca2ee84fa631	GET	/	undefined	
2023-12-27	 12:04:38	1f74a5b8-15a7-44c3-bd57-11c876491073	GET	/css/style.css	undefined	
2023-12-27	 12:04:38	5c35a3f1-d686-4f70-b251-4c8dfc347948	GET	/favicon.ico	undefined	
2023-12-27	 12:40:03	91e6f18f-11bb-4ea9-9bde-17e993eb2b8f	GET	/jwbh	undefined	
2023-12-27	 12:40:03	c6f0d259-aa7d-4de4-a9e5-d4e57f050ed0	GET	/favicon.ico	undefined	
2023-12-27	 12:40:06	56f3b765-2047-41bd-a588-b51f5f10d165	GET	/jwbh	undefined	
2023-12-27	 12:40:06	edadd706-ca9f-48e6-b414-235003957a73	GET	/favicon.ico	undefined	
2023-12-27	 12:40:08	bcfbb9d2-9512-4bde-9ecc-620b08747155	GET	/jwbh	undefined	
2023-12-27	 12:40:08	6e5020ca-4f28-4325-b8e1-5cc38577f256	GET	/favicon.ico	undefined	
2023-12-27	 12:40:12	bc5b5016-c12d-4c58-abc7-68b2363068b5	GET	/	undefined	
2023-12-27	 12:40:12	675b342b-2bfd-4093-be36-bbff75da460c	GET	/css/style.css	undefined	
2023-12-27	 12:40:12	080478f4-26f9-4fbf-b63c-2d6225b64b8b	GET	/favicon.ico	undefined	
2023-12-27	 12:40:32	155eca67-7b1f-423a-aa93-e94b674d585f	GET	/	undefined	
2023-12-27	 12:40:32	d6677018-7665-4717-8948-6bf90882eb3a	GET	/css/style.css	undefined	
2023-12-27	 12:40:32	c64c74af-3814-45fd-b826-69211bfcca3a	GET	/favicon.ico	undefined	
2023-12-27	 12:42:42	609326d3-734c-4724-b207-c86f95583bf4	GET	/	undefined	
2023-12-27	 12:42:42	3d82fe3c-b27e-4a77-b27a-51e7dfe5f9c5	GET	/css/style.css	undefined	
2023-12-27	 12:42:42	1a8ef07d-bfe2-430c-a36c-1702cbfa8ef5	GET	/favicon.ico	undefined	
2023-12-27	 12:42:43	1eb3e4b7-2e61-425b-8f7a-948a470f77e9	GET	/	undefined	
2023-12-27	 12:42:43	acebb61d-5085-47ab-99e1-57ce0070355e	GET	/css/style.css	undefined	
2023-12-27	 12:42:43	48d11159-1dfe-47d1-acea-a03b9cd4f140	GET	/favicon.ico	undefined	
